


GPU Device: Tesla V100-SXM2-32GB
GPU ID: 1
Dataset: 453
Patch Size: 128
------------ Arguments -------------
epoches: 110
loss: BCEWithLogitsLoss
network: InceptionResNet
optimizer: Adagrad
train_batch_size: 256
train_savename: ../models/InceptionResNet/453_patch_128_BS_256_LR_Minor
Pretrained: False

Memo: Optimizer: Adagrad, Learning Rate: 0.001,                 Train Batch Size: 256, Validation Batch Size: 256,                 Extra FCN (4096, 4096), step_size: 30, gamma: 0.05




GPU Device: Tesla V100-SXM2-32GB
GPU ID: 1
Dataset: 453
Patch Size: 128
------------ Arguments -------------
epoches: 110
loss: BCEWithLogitsLoss
network: InceptionResNet
optimizer: Adagrad
train_batch_size: 256
train_savename: ../models/InceptionResNet/453_patch_128_BS_256_LR_Minor
Pretrained: False

Memo: Optimizer: Adagrad, Learning Rate: 0.001,                 Train Batch Size: 256, Validation Batch Size: 256,                 Extra FCN (4096, 4096), step_size: 30, gamma: 0.05




GPU Device: Tesla V100-SXM2-32GB
GPU ID: 1
Dataset: 453
Patch Size: 128
------------ Arguments -------------
epoches: 110
loss: BCEWithLogitsLoss
network: InceptionResNet
optimizer: Adagrad
train_batch_size: 256
train_savename: ../models/InceptionResNet/453_patch_128_BS_256_LR_Minor
Pretrained: False

Memo: Optimizer: Adagrad, Learning Rate: 0.001,                 Train Batch Size: 256, Validation Batch Size: 256,                 Extra FCN (4096, 4096), step_size: 30, gamma: 0.05




GPU Device: Tesla V100-SXM2-32GB
GPU ID: 1
Dataset: 453
Patch Size: 128
------------ Arguments -------------
epoches: 110
loss: BCEWithLogitsLoss
network: InceptionResNet
optimizer: Adagrad
train_batch_size: 256
train_savename: ../models/InceptionResNet/453_patch_128_BS_256_LR_Minor
Pretrained: False

Memo: Optimizer: Adagrad, Learning Rate: 0.001,                 Train Batch Size: 256, Validation Batch Size: 256,                 Extra FCN (4096, 4096), step_size: 30, gamma: 0.05




GPU Device: Tesla V100-SXM2-32GB
GPU ID: 1
Dataset: 453
Patch Size: 128
------------ Arguments -------------
epoches: 110
loss: BCEWithLogitsLoss
network: InceptionResNet
optimizer: Adagrad
train_batch_size: 256
train_savename: ../models/InceptionResNet/453_patch_128_BS_256_LR_Minor
Pretrained: False

Memo: Optimizer: Adagrad, Learning Rate: 0.001,                 Train Batch Size: 256, Validation Batch Size: 256,                 Extra FCN (4096, 4096), step_size: 30, gamma: 0.05




GPU Device: Tesla V100-SXM2-32GB
GPU ID: 1
Dataset: 453
Patch Size: 128
------------ Arguments -------------
epoches: 110
loss: BCEWithLogitsLoss
network: InceptionResNet
optimizer: Adagrad
train_batch_size: 256
train_savename: ../models/InceptionResNet/453_patch_128_BS_256_LR_Minor
Pretrained: False

Memo: Optimizer: Adagrad, Learning Rate: 0.001,                 Train Batch Size: 256, Validation Batch Size: 256,                 Extra FCN (4096, 4096), step_size: 30, gamma: 0.05




GPU Device: Tesla V100-SXM2-32GB
GPU ID: 1
Dataset: 453
Patch Size: 128
------------ Arguments -------------
epoches: 110
loss: BCEWithLogitsLoss
network: InceptionResNet
optimizer: Adagrad
train_batch_size: 256
train_savename: ../models/InceptionResNet/453_patch_128_BS_256_LR_Minor
Pretrained: False

Memo: Optimizer: Adagrad, Learning Rate: 0.001,                 Train Batch Size: 256, Validation Batch Size: 256,                 Extra FCN (4096, 4096), step_size: 30, gamma: 0.05

