GPU Device: Tesla V100-SXM2-32GB
GPU ID: 0
Dataset: OF_Large
Patch Size: 128

------------ Arguments -------------
epoches: 150
loss: BCEWithLogitsLoss
network: VggInception
optimizer: Adagrad
train_batch_size: 128
train_savename: ../models/VggInception/OF_Large_patch_128_Adagrad

Pretrained: False

GPU Device: Tesla V100-SXM2-32GB
GPU ID: 1
Dataset: OF_Large
Patch Size: 128

------------ Arguments -------------
epoches: 100
loss: BCEWithLogitsLoss
network: VggInception
optimizer: Adagrad
train_batch_size: 128
train_savename: ../models/VggInception/OF_Large_patch_128_Adagrad

Pretrained: True

