


GPU Device: Tesla V100-SXM2-32GB
GPU ID: 0
Dataset: OF_Large
Patch Size: 128

------------ Arguments -------------
epoches: 100
loss: BCEWithLogitsLoss
network: VggInception
optimizer: Adagrad
train_batch_size: 32
train_savename: ../models/VggInception/OF_Large_patch_128_BS_32

Pretrained: False


Memo: Optimizer: Adagrad, Learning Rate: 0.0005, Patch Size: 128, Batch Size: 16




GPU Device: Tesla V100-SXM2-32GB
GPU ID: 1
Dataset: OF_Large
Patch Size: 128

------------ Arguments -------------
epoches: 100
loss: BCEWithLogitsLoss
network: VggInception
optimizer: Adagrad
train_batch_size: 32
train_savename: ../models/VggInception/OF_Large_patch_128_BS_32

Pretrained: False


Memo: Optimizer: Adagrad, Learning Rate: 0.0005, Patch Size: 128, Batch Size: 16

